[2025-06-24 15:33:40,646][model_v1.data][INFO] - max_keep=1000, min_keep=0, loaded 300, skipped 0 short and 0 long longest-video-loaded=749 frames, shortest-video-loaded=27 frames
[2025-06-24 15:33:40,648][model_v1.data][INFO] - Image transform: Compose(
    Normalize(mean=0.0, std=255.0)
    <model_v1.utils.CenterCrop object at 0x7b25d0b57c10>
    Normalize(mean=0.421, std=0.165)
)
[2025-06-24 15:33:40,648][model_v1.data][INFO] - Checking for missing .melspec files in audio directory ...
[2025-06-24 15:33:40,651][model_v1.data][INFO] - [1/300] Generating mel: /home/liuzehua/task/VSR/data/preprocess/cnvsrc-single/eval/audio/00027007.melspec
[2025-06-24 15:33:52,537][model_v1.data][INFO] - [2/300] Generating mel: /home/liuzehua/task/VSR/data/preprocess/cnvsrc-single/eval/audio/00027647.melspec
[2025-06-24 15:34:01,384][model_v1.data][INFO] - [3/300] Generating mel: /home/liuzehua/task/VSR/data/preprocess/cnvsrc-single/eval/audio/00028493.melspec
[2025-06-24 15:34:09,765][model_v1.data][INFO] - [4/300] Generating mel: /home/liuzehua/task/VSR/data/preprocess/cnvsrc-single/eval/audio/00028115.melspec
[2025-06-24 15:34:17,503][model_v1.data][INFO] - [5/300] Generating mel: /home/liuzehua/task/VSR/data/preprocess/cnvsrc-single/eval/audio/00026891.melspec
[2025-06-24 15:34:25,341][model_v1.data][INFO] - [6/300] Generating mel: /home/liuzehua/task/VSR/data/preprocess/cnvsrc-single/eval/audio/00026118.melspec
[2025-06-24 15:34:31,515][model_v1.data][INFO] - [7/300] Generating mel: /home/liuzehua/task/VSR/data/preprocess/cnvsrc-single/eval/audio/00026271.melspec
[2025-06-24 15:34:36,099][model_v1.data][INFO] - [8/300] Generating mel: /home/liuzehua/task/VSR/data/preprocess/cnvsrc-single/eval/audio/00027196.melspec
[2025-06-24 15:34:39,469][model_v1.data][INFO] - [9/300] Generating mel: /home/liuzehua/task/VSR/data/preprocess/cnvsrc-single/eval/audio/00028637.melspec
[2025-06-24 15:34:44,548][model_v1.data][INFO] - [10/300] Generating mel: /home/liuzehua/task/VSR/data/preprocess/cnvsrc-single/eval/audio/00028621.melspec
[2025-06-24 15:34:49,159][model_v1.data][INFO] - [11/300] Generating mel: /home/liuzehua/task/VSR/data/preprocess/cnvsrc-single/eval/audio/00027885.melspec
[2025-06-24 15:34:55,200][model_v1.data][INFO] - [12/300] Generating mel: /home/liuzehua/task/VSR/data/preprocess/cnvsrc-single/eval/audio/00026912.melspec
[2025-06-24 15:35:02,009][model_v1.data][INFO] - [13/300] Generating mel: /home/liuzehua/task/VSR/data/preprocess/cnvsrc-single/eval/audio/00027514.melspec
[2025-06-24 15:35:10,162][model_v1.data][INFO] - [14/300] Generating mel: /home/liuzehua/task/VSR/data/preprocess/cnvsrc-single/eval/audio/00028431.melspec
[2025-06-24 15:35:17,636][model_v1.data][INFO] - [15/300] Generating mel: /home/liuzehua/task/VSR/data/preprocess/cnvsrc-single/eval/audio/00027644.melspec
[2025-06-24 15:35:25,610][model_v1.data][INFO] - [16/300] Generating mel: /home/liuzehua/task/VSR/data/preprocess/cnvsrc-single/eval/audio/00027854.melspec
[2025-06-24 15:35:33,604][model_v1.data][INFO] - [17/300] Generating mel: /home/liuzehua/task/VSR/data/preprocess/cnvsrc-single/eval/audio/00027151.melspec
[2025-06-24 15:35:38,670][model_v1.data][INFO] - [18/300] Generating mel: /home/liuzehua/task/VSR/data/preprocess/cnvsrc-single/eval/audio/00026587.melspec
[2025-06-24 15:35:42,366][model_v1.data][INFO] - [19/300] Generating mel: /home/liuzehua/task/VSR/data/preprocess/cnvsrc-single/eval/audio/00027524.melspec
[2025-06-24 15:35:47,378][model_v1.data][INFO] - [20/300] Generating mel: /home/liuzehua/task/VSR/data/preprocess/cnvsrc-single/eval/audio/00026363.melspec
[2025-06-24 15:35:53,570][model_v1.data][INFO] - [21/300] Generating mel: /home/liuzehua/task/VSR/data/preprocess/cnvsrc-single/eval/audio/00025987.melspec
[2025-06-24 15:36:01,592][model_v1.data][INFO] - [22/300] Generating mel: /home/liuzehua/task/VSR/data/preprocess/cnvsrc-single/eval/audio/00027077.melspec
[2025-06-24 15:36:06,317][model_v1.data][INFO] - [23/300] Generating mel: /home/liuzehua/task/VSR/data/preprocess/cnvsrc-single/eval/audio/00027557.melspec
[2025-06-24 15:36:06,826][model_v1.data][INFO] - [24/300] Generating mel: /home/liuzehua/task/VSR/data/preprocess/cnvsrc-single/eval/audio/00028340.melspec
[2025-06-24 15:36:07,725][model_v1.data][INFO] - [25/300] Generating mel: /home/liuzehua/task/VSR/data/preprocess/cnvsrc-single/eval/audio/00026825.melspec
[2025-06-24 15:36:08,228][model_v1.data][INFO] - [26/300] Generating mel: /home/liuzehua/task/VSR/data/preprocess/cnvsrc-single/eval/audio/00026441.melspec
[2025-06-24 15:36:08,622][model_v1.data][INFO] - [27/300] Generating mel: /home/liuzehua/task/VSR/data/preprocess/cnvsrc-single/eval/audio/00027338.melspec
[2025-06-24 15:36:09,015][model_v1.data][INFO] - [28/300] Generating mel: /home/liuzehua/task/VSR/data/preprocess/cnvsrc-single/eval/audio/00028759.melspec
[2025-06-24 15:36:09,309][model_v1.data][INFO] - [29/300] Generating mel: /home/liuzehua/task/VSR/data/preprocess/cnvsrc-single/eval/audio/00026738.melspec
[2025-06-24 15:36:09,582][model_v1.data][INFO] - [30/300] Generating mel: /home/liuzehua/task/VSR/data/preprocess/cnvsrc-single/eval/audio/00027029.melspec
[2025-06-24 15:36:09,846][model_v1.data][INFO] - [31/300] Generating mel: /home/liuzehua/task/VSR/data/preprocess/cnvsrc-single/eval/audio/00027323.melspec
[2025-06-24 15:36:10,088][model_v1.data][INFO] - [32/300] Generating mel: /home/liuzehua/task/VSR/data/preprocess/cnvsrc-single/eval/audio/00027380.melspec
[2025-06-24 15:36:10,309][model_v1.data][INFO] - [33/300] Generating mel: /home/liuzehua/task/VSR/data/preprocess/cnvsrc-single/eval/audio/00027339.melspec
[2025-06-24 15:36:10,533][model_v1.data][INFO] - [34/300] Generating mel: /home/liuzehua/task/VSR/data/preprocess/cnvsrc-single/eval/audio/00027049.melspec
[2025-06-24 15:36:10,797][model_v1.data][INFO] - [35/300] Generating mel: /home/liuzehua/task/VSR/data/preprocess/cnvsrc-single/eval/audio/00027917.melspec
[2025-06-24 15:36:11,092][model_v1.data][INFO] - [36/300] Generating mel: /home/liuzehua/task/VSR/data/preprocess/cnvsrc-single/eval/audio/00027187.melspec
[2025-06-24 15:36:11,344][model_v1.data][INFO] - [37/300] Generating mel: /home/liuzehua/task/VSR/data/preprocess/cnvsrc-single/eval/audio/00026876.melspec
[2025-06-24 15:36:11,599][model_v1.data][INFO] - [38/300] Generating mel: /home/liuzehua/task/VSR/data/preprocess/cnvsrc-single/eval/audio/00027065.melspec
[2025-06-24 15:36:11,925][model_v1.data][INFO] - [39/300] Generating mel: /home/liuzehua/task/VSR/data/preprocess/cnvsrc-single/eval/audio/00027064.melspec
[2025-06-24 15:36:15,350][model_v1.data][INFO] - [40/300] Generating mel: /home/liuzehua/task/VSR/data/preprocess/cnvsrc-single/eval/audio/00026475.melspec
[2025-06-24 15:36:21,457][model_v1.data][INFO] - [41/300] Generating mel: /home/liuzehua/task/VSR/data/preprocess/cnvsrc-single/eval/audio/00027085.melspec
[2025-06-24 15:36:28,910][model_v1.data][INFO] - [42/300] Generating mel: /home/liuzehua/task/VSR/data/preprocess/cnvsrc-single/eval/audio/00027752.melspec
[2025-06-24 15:36:36,189][model_v1.data][INFO] - [43/300] Generating mel: /home/liuzehua/task/VSR/data/preprocess/cnvsrc-single/eval/audio/00026834.melspec
[2025-06-24 15:36:43,727][model_v1.data][INFO] - [44/300] Generating mel: /home/liuzehua/task/VSR/data/preprocess/cnvsrc-single/eval/audio/00028707.melspec
[2025-06-24 15:36:50,814][model_v1.data][INFO] - [45/300] Generating mel: /home/liuzehua/task/VSR/data/preprocess/cnvsrc-single/eval/audio/00027474.melspec
[2025-06-24 15:36:58,620][model_v1.data][INFO] - [46/300] Generating mel: /home/liuzehua/task/VSR/data/preprocess/cnvsrc-single/eval/audio/00028773.melspec
[2025-06-24 15:37:07,150][model_v1.data][INFO] - [47/300] Generating mel: /home/liuzehua/task/VSR/data/preprocess/cnvsrc-single/eval/audio/00027307.melspec
[2025-06-24 15:37:14,981][model_v1.data][INFO] - [48/300] Generating mel: /home/liuzehua/task/VSR/data/preprocess/cnvsrc-single/eval/audio/00027596.melspec
[2025-06-24 15:37:22,279][model_v1.data][INFO] - [49/300] Generating mel: /home/liuzehua/task/VSR/data/preprocess/cnvsrc-single/eval/audio/00026628.melspec
[2025-06-24 15:37:27,163][model_v1.data][INFO] - [50/300] Generating mel: /home/liuzehua/task/VSR/data/preprocess/cnvsrc-single/eval/audio/00027156.melspec
[2025-06-24 15:37:31,306][model_v1.data][INFO] - [51/300] Generating mel: /home/liuzehua/task/VSR/data/preprocess/cnvsrc-single/eval/audio/00028229.melspec
[2025-06-24 15:37:35,207][model_v1.data][INFO] - [52/300] Generating mel: /home/liuzehua/task/VSR/data/preprocess/cnvsrc-single/eval/audio/00027027.melspec
[2025-06-24 15:37:39,414][model_v1.data][INFO] - [53/300] Generating mel: /home/liuzehua/task/VSR/data/preprocess/cnvsrc-single/eval/audio/00026540.melspec
[2025-06-24 15:37:46,060][model_v1.data][INFO] - [54/300] Generating mel: /home/liuzehua/task/VSR/data/preprocess/cnvsrc-single/eval/audio/00027343.melspec
[2025-06-24 15:37:54,898][model_v1.data][INFO] - [55/300] Generating mel: /home/liuzehua/task/VSR/data/preprocess/cnvsrc-single/eval/audio/00026547.melspec
[2025-06-24 15:38:02,342][model_v1.data][INFO] - [56/300] Generating mel: /home/liuzehua/task/VSR/data/preprocess/cnvsrc-single/eval/audio/00027575.melspec
[2025-06-24 15:38:09,761][model_v1.data][INFO] - [57/300] Generating mel: /home/liuzehua/task/VSR/data/preprocess/cnvsrc-single/eval/audio/00028560.melspec
[2025-06-24 15:38:19,056][model_v1.data][INFO] - [58/300] Generating mel: /home/liuzehua/task/VSR/data/preprocess/cnvsrc-single/eval/audio/00028009.melspec
[2025-06-24 15:38:26,384][model_v1.data][INFO] - [59/300] Generating mel: /home/liuzehua/task/VSR/data/preprocess/cnvsrc-single/eval/audio/00026077.melspec
[2025-06-24 15:38:34,590][model_v1.data][INFO] - [60/300] Generating mel: /home/liuzehua/task/VSR/data/preprocess/cnvsrc-single/eval/audio/00027949.melspec
[2025-06-24 15:38:42,819][model_v1.data][INFO] - [61/300] Generating mel: /home/liuzehua/task/VSR/data/preprocess/cnvsrc-single/eval/audio/00027475.melspec
[2025-06-24 15:38:48,263][model_v1.data][INFO] - [62/300] Generating mel: /home/liuzehua/task/VSR/data/preprocess/cnvsrc-single/eval/audio/00026960.melspec
[2025-06-24 15:38:54,842][model_v1.data][INFO] - [63/300] Generating mel: /home/liuzehua/task/VSR/data/preprocess/cnvsrc-single/eval/audio/00028169.melspec
[2025-06-24 15:39:03,175][model_v1.data][INFO] - [64/300] Generating mel: /home/liuzehua/task/VSR/data/preprocess/cnvsrc-single/eval/audio/00027387.melspec
[2025-06-24 15:39:10,974][model_v1.data][INFO] - [65/300] Generating mel: /home/liuzehua/task/VSR/data/preprocess/cnvsrc-single/eval/audio/00028219.melspec
[2025-06-24 15:39:19,244][model_v1.data][INFO] - [66/300] Generating mel: /home/liuzehua/task/VSR/data/preprocess/cnvsrc-single/eval/audio/00026250.melspec
[2025-06-24 15:39:25,950][model_v1.data][INFO] - [67/300] Generating mel: /home/liuzehua/task/VSR/data/preprocess/cnvsrc-single/eval/audio/00027767.melspec
[2025-06-24 15:39:33,090][model_v1.data][INFO] - [68/300] Generating mel: /home/liuzehua/task/VSR/data/preprocess/cnvsrc-single/eval/audio/00028756.melspec
[2025-06-24 15:39:38,622][model_v1.data][INFO] - [69/300] Generating mel: /home/liuzehua/task/VSR/data/preprocess/cnvsrc-single/eval/audio/00028313.melspec
[2025-06-24 15:39:46,371][model_v1.data][INFO] - [70/300] Generating mel: /home/liuzehua/task/VSR/data/preprocess/cnvsrc-single/eval/audio/00027198.melspec
[2025-06-24 15:39:54,066][model_v1.data][INFO] - [71/300] Generating mel: /home/liuzehua/task/VSR/data/preprocess/cnvsrc-single/eval/audio/00026674.melspec
[2025-06-24 15:40:02,617][model_v1.data][INFO] - [72/300] Generating mel: /home/liuzehua/task/VSR/data/preprocess/cnvsrc-single/eval/audio/00028382.melspec
[2025-06-24 15:40:10,138][model_v1.data][INFO] - [73/300] Generating mel: /home/liuzehua/task/VSR/data/preprocess/cnvsrc-single/eval/audio/00028764.melspec
[2025-06-24 15:40:17,301][model_v1.data][INFO] - [74/300] Generating mel: /home/liuzehua/task/VSR/data/preprocess/cnvsrc-single/eval/audio/00028623.melspec
[2025-06-24 15:40:25,669][model_v1.data][INFO] - [75/300] Generating mel: /home/liuzehua/task/VSR/data/preprocess/cnvsrc-single/eval/audio/00026347.melspec
[2025-06-24 15:40:33,083][model_v1.data][INFO] - [76/300] Generating mel: /home/liuzehua/task/VSR/data/preprocess/cnvsrc-single/eval/audio/00027032.melspec
[2025-06-24 15:40:40,332][model_v1.data][INFO] - [77/300] Generating mel: /home/liuzehua/task/VSR/data/preprocess/cnvsrc-single/eval/audio/00027388.melspec
[2025-06-24 15:40:43,245][model_v1.data][INFO] - [78/300] Generating mel: /home/liuzehua/task/VSR/data/preprocess/cnvsrc-single/eval/audio/00028652.melspec
[2025-06-24 15:40:45,338][model_v1.data][INFO] - [79/300] Generating mel: /home/liuzehua/task/VSR/data/preprocess/cnvsrc-single/eval/audio/00026715.melspec
[2025-06-24 15:40:47,493][model_v1.data][INFO] - [80/300] Generating mel: /home/liuzehua/task/VSR/data/preprocess/cnvsrc-single/eval/audio/00028635.melspec
[2025-06-24 15:40:49,174][model_v1.data][INFO] - [81/300] Generating mel: /home/liuzehua/task/VSR/data/preprocess/cnvsrc-single/eval/audio/00027611.melspec
[2025-06-24 15:40:50,509][model_v1.data][INFO] - [82/300] Generating mel: /home/liuzehua/task/VSR/data/preprocess/cnvsrc-single/eval/audio/00027217.melspec
[2025-06-24 15:40:51,712][model_v1.data][INFO] - [83/300] Generating mel: /home/liuzehua/task/VSR/data/preprocess/cnvsrc-single/eval/audio/00026761.melspec
[2025-06-24 15:40:52,457][model_v1.data][INFO] - [84/300] Generating mel: /home/liuzehua/task/VSR/data/preprocess/cnvsrc-single/eval/audio/00026391.melspec
[2025-06-24 15:40:53,598][model_v1.data][INFO] - [85/300] Generating mel: /home/liuzehua/task/VSR/data/preprocess/cnvsrc-single/eval/audio/00027693.melspec
[2025-06-24 15:40:53,905][model_v1.data][INFO] - [86/300] Generating mel: /home/liuzehua/task/VSR/data/preprocess/cnvsrc-single/eval/audio/00026865.melspec
[2025-06-24 15:40:54,394][model_v1.data][INFO] - [87/300] Generating mel: /home/liuzehua/task/VSR/data/preprocess/cnvsrc-single/eval/audio/00028680.melspec
[2025-06-24 15:40:54,885][model_v1.data][INFO] - [88/300] Generating mel: /home/liuzehua/task/VSR/data/preprocess/cnvsrc-single/eval/audio/00027896.melspec
[2025-06-24 15:40:55,407][model_v1.data][INFO] - [89/300] Generating mel: /home/liuzehua/task/VSR/data/preprocess/cnvsrc-single/eval/audio/00026132.melspec
[2025-06-24 15:40:56,035][model_v1.data][INFO] - [90/300] Generating mel: /home/liuzehua/task/VSR/data/preprocess/cnvsrc-single/eval/audio/00028274.melspec
[2025-06-24 15:40:56,540][model_v1.data][INFO] - [91/300] Generating mel: /home/liuzehua/task/VSR/data/preprocess/cnvsrc-single/eval/audio/00026378.melspec
[2025-06-24 15:40:57,999][model_v1.data][INFO] - [92/300] Generating mel: /home/liuzehua/task/VSR/data/preprocess/cnvsrc-single/eval/audio/00026750.melspec
[2025-06-24 15:41:03,294][model_v1.data][INFO] - [93/300] Generating mel: /home/liuzehua/task/VSR/data/preprocess/cnvsrc-single/eval/audio/00028551.melspec
[2025-06-24 15:41:11,279][model_v1.data][INFO] - [94/300] Generating mel: /home/liuzehua/task/VSR/data/preprocess/cnvsrc-single/eval/audio/00026232.melspec
[2025-06-24 15:41:19,476][model_v1.data][INFO] - [95/300] Generating mel: /home/liuzehua/task/VSR/data/preprocess/cnvsrc-single/eval/audio/00028185.melspec
[2025-06-24 15:41:28,354][model_v1.data][INFO] - [96/300] Generating mel: /home/liuzehua/task/VSR/data/preprocess/cnvsrc-single/eval/audio/00028582.melspec
[2025-06-24 15:41:36,013][model_v1.data][INFO] - [97/300] Generating mel: /home/liuzehua/task/VSR/data/preprocess/cnvsrc-single/eval/audio/00028239.melspec
[2025-06-24 15:41:39,662][model_v1.data][INFO] - [98/300] Generating mel: /home/liuzehua/task/VSR/data/preprocess/cnvsrc-single/eval/audio/00027998.melspec
[2025-06-24 15:41:43,205][model_v1.data][INFO] - [99/300] Generating mel: /home/liuzehua/task/VSR/data/preprocess/cnvsrc-single/eval/audio/00027912.melspec
[2025-06-24 15:41:49,571][model_v1.data][INFO] - [100/300] Generating mel: /home/liuzehua/task/VSR/data/preprocess/cnvsrc-single/eval/audio/00026958.melspec
[2025-06-24 15:41:58,187][model_v1.data][INFO] - [101/300] Generating mel: /home/liuzehua/task/VSR/data/preprocess/cnvsrc-single/eval/audio/00027846.melspec
[2025-06-24 15:42:04,815][model_v1.data][INFO] - [102/300] Generating mel: /home/liuzehua/task/VSR/data/preprocess/cnvsrc-single/eval/audio/00028310.melspec
[2025-06-24 15:42:13,195][model_v1.data][INFO] - [103/300] Generating mel: /home/liuzehua/task/VSR/data/preprocess/cnvsrc-single/eval/audio/00027700.melspec
[2025-06-24 15:42:22,323][model_v1.data][INFO] - [104/300] Generating mel: /home/liuzehua/task/VSR/data/preprocess/cnvsrc-single/eval/audio/00027691.melspec
[2025-06-24 15:42:29,648][model_v1.data][INFO] - [105/300] Generating mel: /home/liuzehua/task/VSR/data/preprocess/cnvsrc-single/eval/audio/00027651.melspec
[2025-06-24 15:42:36,719][model_v1.data][INFO] - [106/300] Generating mel: /home/liuzehua/task/VSR/data/preprocess/cnvsrc-single/eval/audio/00027158.melspec
[2025-06-24 15:42:44,007][model_v1.data][INFO] - [107/300] Generating mel: /home/liuzehua/task/VSR/data/preprocess/cnvsrc-single/eval/audio/00026423.melspec
[2025-06-24 15:42:52,265][model_v1.data][INFO] - [108/300] Generating mel: /home/liuzehua/task/VSR/data/preprocess/cnvsrc-single/eval/audio/00027680.melspec
[2025-06-24 15:43:00,400][model_v1.data][INFO] - [109/300] Generating mel: /home/liuzehua/task/VSR/data/preprocess/cnvsrc-single/eval/audio/00026327.melspec
[2025-06-24 15:43:09,024][model_v1.data][INFO] - [110/300] Generating mel: /home/liuzehua/task/VSR/data/preprocess/cnvsrc-single/eval/audio/00027181.melspec
[2025-06-24 15:43:17,430][model_v1.data][INFO] - [111/300] Generating mel: /home/liuzehua/task/VSR/data/preprocess/cnvsrc-single/eval/audio/00026618.melspec
[2025-06-24 15:43:25,544][model_v1.data][INFO] - [112/300] Generating mel: /home/liuzehua/task/VSR/data/preprocess/cnvsrc-single/eval/audio/00027423.melspec
[2025-06-24 15:43:32,993][model_v1.data][INFO] - [113/300] Generating mel: /home/liuzehua/task/VSR/data/preprocess/cnvsrc-single/eval/audio/00028013.melspec
[2025-06-24 15:43:40,790][model_v1.data][INFO] - [114/300] Generating mel: /home/liuzehua/task/VSR/data/preprocess/cnvsrc-single/eval/audio/00027897.melspec
[2025-06-24 15:43:48,728][model_v1.data][INFO] - [115/300] Generating mel: /home/liuzehua/task/VSR/data/preprocess/cnvsrc-single/eval/audio/00027147.melspec
[2025-06-24 15:43:56,982][model_v1.data][INFO] - [116/300] Generating mel: /home/liuzehua/task/VSR/data/preprocess/cnvsrc-single/eval/audio/00028213.melspec
[2025-06-24 15:44:06,218][model_v1.data][INFO] - [117/300] Generating mel: /home/liuzehua/task/VSR/data/preprocess/cnvsrc-single/eval/audio/00027931.melspec
[2025-06-24 15:44:14,874][model_v1.data][INFO] - [118/300] Generating mel: /home/liuzehua/task/VSR/data/preprocess/cnvsrc-single/eval/audio/00027616.melspec
[2025-06-24 15:44:23,993][model_v1.data][INFO] - [119/300] Generating mel: /home/liuzehua/task/VSR/data/preprocess/cnvsrc-single/eval/audio/00026633.melspec
[2025-06-24 15:44:32,922][model_v1.data][INFO] - [120/300] Generating mel: /home/liuzehua/task/VSR/data/preprocess/cnvsrc-single/eval/audio/00028251.melspec
[2025-06-24 15:44:42,394][model_v1.data][INFO] - [121/300] Generating mel: /home/liuzehua/task/VSR/data/preprocess/cnvsrc-single/eval/audio/00026840.melspec
[2025-06-24 15:44:50,411][model_v1.data][INFO] - [122/300] Generating mel: /home/liuzehua/task/VSR/data/preprocess/cnvsrc-single/eval/audio/00026544.melspec
[2025-06-24 15:44:58,659][model_v1.data][INFO] - [123/300] Generating mel: /home/liuzehua/task/VSR/data/preprocess/cnvsrc-single/eval/audio/00026850.melspec
[2025-06-24 15:45:06,211][model_v1.data][INFO] - [124/300] Generating mel: /home/liuzehua/task/VSR/data/preprocess/cnvsrc-single/eval/audio/00026165.melspec
[2025-06-24 15:45:13,862][model_v1.data][INFO] - [125/300] Generating mel: /home/liuzehua/task/VSR/data/preprocess/cnvsrc-single/eval/audio/00026793.melspec
[2025-06-24 15:45:22,993][model_v1.data][INFO] - [126/300] Generating mel: /home/liuzehua/task/VSR/data/preprocess/cnvsrc-single/eval/audio/00027570.melspec
[2025-06-24 15:45:30,057][model_v1.data][INFO] - [127/300] Generating mel: /home/liuzehua/task/VSR/data/preprocess/cnvsrc-single/eval/audio/00027682.melspec
[2025-06-24 15:45:38,695][model_v1.data][INFO] - [128/300] Generating mel: /home/liuzehua/task/VSR/data/preprocess/cnvsrc-single/eval/audio/00026961.melspec
[2025-06-24 15:45:46,287][model_v1.data][INFO] - [129/300] Generating mel: /home/liuzehua/task/VSR/data/preprocess/cnvsrc-single/eval/audio/00027543.melspec
[2025-06-24 15:45:51,812][model_v1.data][INFO] - [130/300] Generating mel: /home/liuzehua/task/VSR/data/preprocess/cnvsrc-single/eval/audio/00028014.melspec
[2025-06-24 15:45:53,842][model_v1.data][INFO] - [131/300] Generating mel: /home/liuzehua/task/VSR/data/preprocess/cnvsrc-single/eval/audio/00028491.melspec
[2025-06-24 15:45:54,705][model_v1.data][INFO] - [132/300] Generating mel: /home/liuzehua/task/VSR/data/preprocess/cnvsrc-single/eval/audio/00028073.melspec
[2025-06-24 15:45:55,780][model_v1.data][INFO] - [133/300] Generating mel: /home/liuzehua/task/VSR/data/preprocess/cnvsrc-single/eval/audio/00026287.melspec
[2025-06-24 15:45:56,759][model_v1.data][INFO] - [134/300] Generating mel: /home/liuzehua/task/VSR/data/preprocess/cnvsrc-single/eval/audio/00026636.melspec
[2025-06-24 15:45:58,025][model_v1.data][INFO] - [135/300] Generating mel: /home/liuzehua/task/VSR/data/preprocess/cnvsrc-single/eval/audio/00026845.melspec
[2025-06-24 15:45:58,933][model_v1.data][INFO] - [136/300] Generating mel: /home/liuzehua/task/VSR/data/preprocess/cnvsrc-single/eval/audio/00027240.melspec
[2025-06-24 15:46:00,833][model_v1.data][INFO] - [137/300] Generating mel: /home/liuzehua/task/VSR/data/preprocess/cnvsrc-single/eval/audio/00026180.melspec
[2025-06-24 15:46:01,630][model_v1.data][INFO] - [138/300] Generating mel: /home/liuzehua/task/VSR/data/preprocess/cnvsrc-single/eval/audio/00027749.melspec
[2025-06-24 15:46:02,955][model_v1.data][INFO] - [139/300] Generating mel: /home/liuzehua/task/VSR/data/preprocess/cnvsrc-single/eval/audio/00026795.melspec
[2025-06-24 15:46:04,235][model_v1.data][INFO] - [140/300] Generating mel: /home/liuzehua/task/VSR/data/preprocess/cnvsrc-single/eval/audio/00026101.melspec
[2025-06-24 15:46:05,443][model_v1.data][INFO] - [141/300] Generating mel: /home/liuzehua/task/VSR/data/preprocess/cnvsrc-single/eval/audio/00027965.melspec
[2025-06-24 15:46:06,171][model_v1.data][INFO] - [142/300] Generating mel: /home/liuzehua/task/VSR/data/preprocess/cnvsrc-single/eval/audio/00027718.melspec
[2025-06-24 15:46:07,084][model_v1.data][INFO] - [143/300] Generating mel: /home/liuzehua/task/VSR/data/preprocess/cnvsrc-single/eval/audio/00028326.melspec
[2025-06-24 15:46:07,813][model_v1.data][INFO] - [144/300] Generating mel: /home/liuzehua/task/VSR/data/preprocess/cnvsrc-single/eval/audio/00027914.melspec
[2025-06-24 15:46:08,295][model_v1.data][INFO] - [145/300] Generating mel: /home/liuzehua/task/VSR/data/preprocess/cnvsrc-single/eval/audio/00027887.melspec
[2025-06-24 15:46:09,967][model_v1.data][INFO] - [146/300] Generating mel: /home/liuzehua/task/VSR/data/preprocess/cnvsrc-single/eval/audio/00026032.melspec
[2025-06-24 15:46:11,737][model_v1.data][INFO] - [147/300] Generating mel: /home/liuzehua/task/VSR/data/preprocess/cnvsrc-single/eval/audio/00027232.melspec
[2025-06-24 15:46:13,796][model_v1.data][INFO] - [148/300] Generating mel: /home/liuzehua/task/VSR/data/preprocess/cnvsrc-single/eval/audio/00028807.melspec
[2025-06-24 15:46:14,945][model_v1.data][INFO] - [149/300] Generating mel: /home/liuzehua/task/VSR/data/preprocess/cnvsrc-single/eval/audio/00026663.melspec
[2025-06-24 15:46:15,811][model_v1.data][INFO] - [150/300] Generating mel: /home/liuzehua/task/VSR/data/preprocess/cnvsrc-single/eval/audio/00026917.melspec
[2025-06-24 15:46:16,652][model_v1.data][INFO] - [151/300] Generating mel: /home/liuzehua/task/VSR/data/preprocess/cnvsrc-single/eval/audio/00026853.melspec
[2025-06-24 15:46:17,847][model_v1.data][INFO] - [152/300] Generating mel: /home/liuzehua/task/VSR/data/preprocess/cnvsrc-single/eval/audio/00026516.melspec
[2025-06-24 15:46:19,466][model_v1.data][INFO] - [153/300] Generating mel: /home/liuzehua/task/VSR/data/preprocess/cnvsrc-single/eval/audio/00028782.melspec
[2025-06-24 15:46:20,156][model_v1.data][INFO] - [154/300] Generating mel: /home/liuzehua/task/VSR/data/preprocess/cnvsrc-single/eval/audio/00028609.melspec
[2025-06-24 15:46:20,476][model_v1.data][INFO] - [155/300] Generating mel: /home/liuzehua/task/VSR/data/preprocess/cnvsrc-single/eval/audio/00028171.melspec
[2025-06-24 15:46:21,611][model_v1.data][INFO] - [156/300] Generating mel: /home/liuzehua/task/VSR/data/preprocess/cnvsrc-single/eval/audio/00026440.melspec
[2025-06-24 15:46:22,054][model_v1.data][INFO] - [157/300] Generating mel: /home/liuzehua/task/VSR/data/preprocess/cnvsrc-single/eval/audio/00026400.melspec
[2025-06-24 15:46:23,098][model_v1.data][INFO] - [158/300] Generating mel: /home/liuzehua/task/VSR/data/preprocess/cnvsrc-single/eval/audio/00027256.melspec
[2025-06-24 15:46:23,982][model_v1.data][INFO] - [159/300] Generating mel: /home/liuzehua/task/VSR/data/preprocess/cnvsrc-single/eval/audio/00027150.melspec
[2025-06-24 15:46:25,552][model_v1.data][INFO] - [160/300] Generating mel: /home/liuzehua/task/VSR/data/preprocess/cnvsrc-single/eval/audio/00026788.melspec
[2025-06-24 15:46:26,591][model_v1.data][INFO] - [161/300] Generating mel: /home/liuzehua/task/VSR/data/preprocess/cnvsrc-single/eval/audio/00028487.melspec
[2025-06-24 15:46:27,232][model_v1.data][INFO] - [162/300] Generating mel: /home/liuzehua/task/VSR/data/preprocess/cnvsrc-single/eval/audio/00026720.melspec
[2025-06-24 15:46:28,456][model_v1.data][INFO] - [163/300] Generating mel: /home/liuzehua/task/VSR/data/preprocess/cnvsrc-single/eval/audio/00028381.melspec
[2025-06-24 15:46:29,204][model_v1.data][INFO] - [164/300] Generating mel: /home/liuzehua/task/VSR/data/preprocess/cnvsrc-single/eval/audio/00027624.melspec
[2025-06-24 15:46:30,792][model_v1.data][INFO] - [165/300] Generating mel: /home/liuzehua/task/VSR/data/preprocess/cnvsrc-single/eval/audio/00028122.melspec
[2025-06-24 15:46:31,485][model_v1.data][INFO] - [166/300] Generating mel: /home/liuzehua/task/VSR/data/preprocess/cnvsrc-single/eval/audio/00027762.melspec
[2025-06-24 15:46:31,872][model_v1.data][INFO] - [167/300] Generating mel: /home/liuzehua/task/VSR/data/preprocess/cnvsrc-single/eval/audio/00026728.melspec
[2025-06-24 15:46:32,802][model_v1.data][INFO] - [168/300] Generating mel: /home/liuzehua/task/VSR/data/preprocess/cnvsrc-single/eval/audio/00028383.melspec
[2025-06-24 15:46:33,514][model_v1.data][INFO] - [169/300] Generating mel: /home/liuzehua/task/VSR/data/preprocess/cnvsrc-single/eval/audio/00026305.melspec
[2025-06-24 15:46:34,215][model_v1.data][INFO] - [170/300] Generating mel: /home/liuzehua/task/VSR/data/preprocess/cnvsrc-single/eval/audio/00027674.melspec
[2025-06-24 15:46:35,024][model_v1.data][INFO] - [171/300] Generating mel: /home/liuzehua/task/VSR/data/preprocess/cnvsrc-single/eval/audio/00027793.melspec
[2025-06-24 15:46:35,499][model_v1.data][INFO] - [172/300] Generating mel: /home/liuzehua/task/VSR/data/preprocess/cnvsrc-single/eval/audio/00028478.melspec
[2025-06-24 15:46:35,939][model_v1.data][INFO] - [173/300] Generating mel: /home/liuzehua/task/VSR/data/preprocess/cnvsrc-single/eval/audio/00026028.melspec
[2025-06-24 15:46:36,585][model_v1.data][INFO] - [174/300] Generating mel: /home/liuzehua/task/VSR/data/preprocess/cnvsrc-single/eval/audio/00027489.melspec
[2025-06-24 15:46:37,194][model_v1.data][INFO] - [175/300] Generating mel: /home/liuzehua/task/VSR/data/preprocess/cnvsrc-single/eval/audio/00028450.melspec
[2025-06-24 15:46:37,538][model_v1.data][INFO] - [176/300] Generating mel: /home/liuzehua/task/VSR/data/preprocess/cnvsrc-single/eval/audio/00027390.melspec
[2025-06-24 15:46:37,866][model_v1.data][INFO] - [177/300] Generating mel: /home/liuzehua/task/VSR/data/preprocess/cnvsrc-single/eval/audio/00028388.melspec
[2025-06-24 15:46:38,903][model_v1.data][INFO] - [178/300] Generating mel: /home/liuzehua/task/VSR/data/preprocess/cnvsrc-single/eval/audio/00026930.melspec
[2025-06-24 15:46:39,183][model_v1.data][INFO] - [179/300] Generating mel: /home/liuzehua/task/VSR/data/preprocess/cnvsrc-single/eval/audio/00028117.melspec
[2025-06-24 15:46:39,663][model_v1.data][INFO] - [180/300] Generating mel: /home/liuzehua/task/VSR/data/preprocess/cnvsrc-single/eval/audio/00027378.melspec
[2025-06-24 15:46:40,100][model_v1.data][INFO] - [181/300] Generating mel: /home/liuzehua/task/VSR/data/preprocess/cnvsrc-single/eval/audio/00026955.melspec
[2025-06-24 15:46:40,734][model_v1.data][INFO] - [182/300] Generating mel: /home/liuzehua/task/VSR/data/preprocess/cnvsrc-single/eval/audio/00028687.melspec
[2025-06-24 15:46:41,131][model_v1.data][INFO] - [183/300] Generating mel: /home/liuzehua/task/VSR/data/preprocess/cnvsrc-single/eval/audio/00028184.melspec
[2025-06-24 15:46:41,422][model_v1.data][INFO] - [184/300] Generating mel: /home/liuzehua/task/VSR/data/preprocess/cnvsrc-single/eval/audio/00027004.melspec
[2025-06-24 15:46:41,769][model_v1.data][INFO] - [185/300] Generating mel: /home/liuzehua/task/VSR/data/preprocess/cnvsrc-single/eval/audio/00028324.melspec
[2025-06-24 15:46:42,082][model_v1.data][INFO] - [186/300] Generating mel: /home/liuzehua/task/VSR/data/preprocess/cnvsrc-single/eval/audio/00026574.melspec
[2025-06-24 15:46:42,479][model_v1.data][INFO] - [187/300] Generating mel: /home/liuzehua/task/VSR/data/preprocess/cnvsrc-single/eval/audio/00027586.melspec
[2025-06-24 15:46:42,763][model_v1.data][INFO] - [188/300] Generating mel: /home/liuzehua/task/VSR/data/preprocess/cnvsrc-single/eval/audio/00026857.melspec
[2025-06-24 15:46:43,138][model_v1.data][INFO] - [189/300] Generating mel: /home/liuzehua/task/VSR/data/preprocess/cnvsrc-single/eval/audio/00027170.melspec
[2025-06-24 15:46:43,550][model_v1.data][INFO] - [190/300] Generating mel: /home/liuzehua/task/VSR/data/preprocess/cnvsrc-single/eval/audio/00026986.melspec
[2025-06-24 15:46:44,014][model_v1.data][INFO] - [191/300] Generating mel: /home/liuzehua/task/VSR/data/preprocess/cnvsrc-single/eval/audio/00028186.melspec
[2025-06-24 15:46:44,408][model_v1.data][INFO] - [192/300] Generating mel: /home/liuzehua/task/VSR/data/preprocess/cnvsrc-single/eval/audio/00028811.melspec
[2025-06-24 15:46:45,162][model_v1.data][INFO] - [193/300] Generating mel: /home/liuzehua/task/VSR/data/preprocess/cnvsrc-single/eval/audio/00025955.melspec
[2025-06-24 15:46:45,619][model_v1.data][INFO] - [194/300] Generating mel: /home/liuzehua/task/VSR/data/preprocess/cnvsrc-single/eval/audio/00028565.melspec
[2025-06-24 15:46:48,435][model_v1.data][INFO] - [195/300] Generating mel: /home/liuzehua/task/VSR/data/preprocess/cnvsrc-single/eval/audio/00028456.melspec
[2025-06-24 15:46:51,544][model_v1.data][INFO] - [196/300] Generating mel: /home/liuzehua/task/VSR/data/preprocess/cnvsrc-single/eval/audio/00028563.melspec
[2025-06-24 15:46:53,637][model_v1.data][INFO] - [197/300] Generating mel: /home/liuzehua/task/VSR/data/preprocess/cnvsrc-single/eval/audio/00028030.melspec
[2025-06-24 15:46:57,058][model_v1.data][INFO] - [198/300] Generating mel: /home/liuzehua/task/VSR/data/preprocess/cnvsrc-single/eval/audio/00027679.melspec
[2025-06-24 15:46:59,598][model_v1.data][INFO] - [199/300] Generating mel: /home/liuzehua/task/VSR/data/preprocess/cnvsrc-single/eval/audio/00027956.melspec
[2025-06-24 15:47:03,907][model_v1.data][INFO] - [200/300] Generating mel: /home/liuzehua/task/VSR/data/preprocess/cnvsrc-single/eval/audio/00027796.melspec
[2025-06-24 15:47:08,316][model_v1.data][INFO] - [201/300] Generating mel: /home/liuzehua/task/VSR/data/preprocess/cnvsrc-single/eval/audio/00028678.melspec
[2025-06-24 15:47:10,328][model_v1.data][INFO] - [202/300] Generating mel: /home/liuzehua/task/VSR/data/preprocess/cnvsrc-single/eval/audio/00028732.melspec
[2025-06-24 15:47:11,303][model_v1.data][INFO] - [203/300] Generating mel: /home/liuzehua/task/VSR/data/preprocess/cnvsrc-single/eval/audio/00027287.melspec
[2025-06-24 15:47:12,732][model_v1.data][INFO] - [204/300] Generating mel: /home/liuzehua/task/VSR/data/preprocess/cnvsrc-single/eval/audio/00026229.melspec
[2025-06-24 15:47:14,079][model_v1.data][INFO] - [205/300] Generating mel: /home/liuzehua/task/VSR/data/preprocess/cnvsrc-single/eval/audio/00027563.melspec
[2025-06-24 15:47:16,273][model_v1.data][INFO] - [206/300] Generating mel: /home/liuzehua/task/VSR/data/preprocess/cnvsrc-single/eval/audio/00026106.melspec
[2025-06-24 15:47:17,575][model_v1.data][INFO] - [207/300] Generating mel: /home/liuzehua/task/VSR/data/preprocess/cnvsrc-single/eval/audio/00028453.melspec
[2025-06-24 15:47:19,408][model_v1.data][INFO] - [208/300] Generating mel: /home/liuzehua/task/VSR/data/preprocess/cnvsrc-single/eval/audio/00027226.melspec
[2025-06-24 15:47:22,416][model_v1.data][INFO] - [209/300] Generating mel: /home/liuzehua/task/VSR/data/preprocess/cnvsrc-single/eval/audio/00028576.melspec
[2025-06-24 15:47:24,110][model_v1.data][INFO] - [210/300] Generating mel: /home/liuzehua/task/VSR/data/preprocess/cnvsrc-single/eval/audio/00028096.melspec
[2025-06-24 15:47:26,480][model_v1.data][INFO] - [211/300] Generating mel: /home/liuzehua/task/VSR/data/preprocess/cnvsrc-single/eval/audio/00027964.melspec
[2025-06-24 15:47:28,407][model_v1.data][INFO] - [212/300] Generating mel: /home/liuzehua/task/VSR/data/preprocess/cnvsrc-single/eval/audio/00026526.melspec
[2025-06-24 15:47:30,081][model_v1.data][INFO] - [213/300] Generating mel: /home/liuzehua/task/VSR/data/preprocess/cnvsrc-single/eval/audio/00027233.melspec
[2025-06-24 15:47:31,324][model_v1.data][INFO] - [214/300] Generating mel: /home/liuzehua/task/VSR/data/preprocess/cnvsrc-single/eval/audio/00028161.melspec
[2025-06-24 15:47:33,008][model_v1.data][INFO] - [215/300] Generating mel: /home/liuzehua/task/VSR/data/preprocess/cnvsrc-single/eval/audio/00027063.melspec
[2025-06-24 15:47:33,762][model_v1.data][INFO] - [216/300] Generating mel: /home/liuzehua/task/VSR/data/preprocess/cnvsrc-single/eval/audio/00027358.melspec
[2025-06-24 15:47:35,126][model_v1.data][INFO] - [217/300] Generating mel: /home/liuzehua/task/VSR/data/preprocess/cnvsrc-single/eval/audio/00026201.melspec
[2025-06-24 15:47:36,410][model_v1.data][INFO] - [218/300] Generating mel: /home/liuzehua/task/VSR/data/preprocess/cnvsrc-single/eval/audio/00028692.melspec
[2025-06-24 15:47:37,333][model_v1.data][INFO] - [219/300] Generating mel: /home/liuzehua/task/VSR/data/preprocess/cnvsrc-single/eval/audio/00026816.melspec
[2025-06-24 15:47:38,442][model_v1.data][INFO] - [220/300] Generating mel: /home/liuzehua/task/VSR/data/preprocess/cnvsrc-single/eval/audio/00027795.melspec
[2025-06-24 15:47:39,656][model_v1.data][INFO] - [221/300] Generating mel: /home/liuzehua/task/VSR/data/preprocess/cnvsrc-single/eval/audio/00028006.melspec
[2025-06-24 15:47:40,074][model_v1.data][INFO] - [222/300] Generating mel: /home/liuzehua/task/VSR/data/preprocess/cnvsrc-single/eval/audio/00028403.melspec
[2025-06-24 15:47:40,732][model_v1.data][INFO] - [223/300] Generating mel: /home/liuzehua/task/VSR/data/preprocess/cnvsrc-single/eval/audio/00026457.melspec
[2025-06-24 15:47:41,219][model_v1.data][INFO] - [224/300] Generating mel: /home/liuzehua/task/VSR/data/preprocess/cnvsrc-single/eval/audio/00026918.melspec
[2025-06-24 15:47:42,020][model_v1.data][INFO] - [225/300] Generating mel: /home/liuzehua/task/VSR/data/preprocess/cnvsrc-single/eval/audio/00026784.melspec
[2025-06-24 15:47:43,173][model_v1.data][INFO] - [226/300] Generating mel: /home/liuzehua/task/VSR/data/preprocess/cnvsrc-single/eval/audio/00026216.melspec
[2025-06-24 15:47:44,926][model_v1.data][INFO] - [227/300] Generating mel: /home/liuzehua/task/VSR/data/preprocess/cnvsrc-single/eval/audio/00026944.melspec
[2025-06-24 15:47:45,688][model_v1.data][INFO] - [228/300] Generating mel: /home/liuzehua/task/VSR/data/preprocess/cnvsrc-single/eval/audio/00028818.melspec
[2025-06-24 15:47:47,464][model_v1.data][INFO] - [229/300] Generating mel: /home/liuzehua/task/VSR/data/preprocess/cnvsrc-single/eval/audio/00028011.melspec
[2025-06-24 15:47:48,300][model_v1.data][INFO] - [230/300] Generating mel: /home/liuzehua/task/VSR/data/preprocess/cnvsrc-single/eval/audio/00028322.melspec
[2025-06-24 15:47:49,720][model_v1.data][INFO] - [231/300] Generating mel: /home/liuzehua/task/VSR/data/preprocess/cnvsrc-single/eval/audio/00026740.melspec
[2025-06-24 15:47:50,658][model_v1.data][INFO] - [232/300] Generating mel: /home/liuzehua/task/VSR/data/preprocess/cnvsrc-single/eval/audio/00027114.melspec
[2025-06-24 15:47:51,351][model_v1.data][INFO] - [233/300] Generating mel: /home/liuzehua/task/VSR/data/preprocess/cnvsrc-single/eval/audio/00027440.melspec
[2025-06-24 15:47:52,691][model_v1.data][INFO] - [234/300] Generating mel: /home/liuzehua/task/VSR/data/preprocess/cnvsrc-single/eval/audio/00028167.melspec
[2025-06-24 15:47:53,864][model_v1.data][INFO] - [235/300] Generating mel: /home/liuzehua/task/VSR/data/preprocess/cnvsrc-single/eval/audio/00026903.melspec
[2025-06-24 15:47:54,850][model_v1.data][INFO] - [236/300] Generating mel: /home/liuzehua/task/VSR/data/preprocess/cnvsrc-single/eval/audio/00028109.melspec
[2025-06-24 15:47:55,764][model_v1.data][INFO] - [237/300] Generating mel: /home/liuzehua/task/VSR/data/preprocess/cnvsrc-single/eval/audio/00026213.melspec
[2025-06-24 15:47:56,988][model_v1.data][INFO] - [238/300] Generating mel: /home/liuzehua/task/VSR/data/preprocess/cnvsrc-single/eval/audio/00027661.melspec
[2025-06-24 15:47:57,276][model_v1.data][INFO] - [239/300] Generating mel: /home/liuzehua/task/VSR/data/preprocess/cnvsrc-single/eval/audio/00027868.melspec
[2025-06-24 15:47:57,721][model_v1.data][INFO] - [240/300] Generating mel: /home/liuzehua/task/VSR/data/preprocess/cnvsrc-single/eval/audio/00027509.melspec
[2025-06-24 15:47:58,171][model_v1.data][INFO] - [241/300] Generating mel: /home/liuzehua/task/VSR/data/preprocess/cnvsrc-single/eval/audio/00027239.melspec
[2025-06-24 15:47:59,442][model_v1.data][INFO] - [242/300] Generating mel: /home/liuzehua/task/VSR/data/preprocess/cnvsrc-single/eval/audio/00026810.melspec
[2025-06-24 15:48:00,051][model_v1.data][INFO] - [243/300] Generating mel: /home/liuzehua/task/VSR/data/preprocess/cnvsrc-single/eval/audio/00026412.melspec
[2025-06-24 15:48:00,481][model_v1.data][INFO] - [244/300] Generating mel: /home/liuzehua/task/VSR/data/preprocess/cnvsrc-single/eval/audio/00028056.melspec
[2025-06-24 15:48:01,071][model_v1.data][INFO] - [245/300] Generating mel: /home/liuzehua/task/VSR/data/preprocess/cnvsrc-single/eval/audio/00028259.melspec
[2025-06-24 15:48:02,257][model_v1.data][INFO] - [246/300] Generating mel: /home/liuzehua/task/VSR/data/preprocess/cnvsrc-single/eval/audio/00027337.melspec
[2025-06-24 15:48:03,218][model_v1.data][INFO] - [247/300] Generating mel: /home/liuzehua/task/VSR/data/preprocess/cnvsrc-single/eval/audio/00026923.melspec
[2025-06-24 15:48:11,150][model_v1.data][INFO] - [248/300] Generating mel: /home/liuzehua/task/VSR/data/preprocess/cnvsrc-single/eval/audio/00027681.melspec
[2025-06-24 15:48:13,462][model_v1.data][INFO] - [249/300] Generating mel: /home/liuzehua/task/VSR/data/preprocess/cnvsrc-single/eval/audio/00027154.melspec
[2025-06-24 15:48:14,521][model_v1.data][INFO] - [250/300] Generating mel: /home/liuzehua/task/VSR/data/preprocess/cnvsrc-single/eval/audio/00028068.melspec
[2025-06-24 15:48:17,531][model_v1.data][INFO] - [251/300] Generating mel: /home/liuzehua/task/VSR/data/preprocess/cnvsrc-single/eval/audio/00027676.melspec
[2025-06-24 15:48:21,489][model_v1.data][INFO] - [252/300] Generating mel: /home/liuzehua/task/VSR/data/preprocess/cnvsrc-single/eval/audio/00028163.melspec
[2025-06-24 15:48:27,630][model_v1.data][INFO] - [253/300] Generating mel: /home/liuzehua/task/VSR/data/preprocess/cnvsrc-single/eval/audio/00026316.melspec
[2025-06-24 15:48:35,420][model_v1.data][INFO] - [254/300] Generating mel: /home/liuzehua/task/VSR/data/preprocess/cnvsrc-single/eval/audio/00027042.melspec
[2025-06-24 15:48:42,664][model_v1.data][INFO] - [255/300] Generating mel: /home/liuzehua/task/VSR/data/preprocess/cnvsrc-single/eval/audio/00027906.melspec
[2025-06-24 15:48:49,362][model_v1.data][INFO] - [256/300] Generating mel: /home/liuzehua/task/VSR/data/preprocess/cnvsrc-single/eval/audio/00027200.melspec
[2025-06-24 15:48:56,291][model_v1.data][INFO] - [257/300] Generating mel: /home/liuzehua/task/VSR/data/preprocess/cnvsrc-single/eval/audio/00027975.melspec
[2025-06-24 15:49:05,718][model_v1.data][INFO] - [258/300] Generating mel: /home/liuzehua/task/VSR/data/preprocess/cnvsrc-single/eval/audio/00028646.melspec
[2025-06-24 15:49:12,895][model_v1.data][INFO] - [259/300] Generating mel: /home/liuzehua/task/VSR/data/preprocess/cnvsrc-single/eval/audio/00027212.melspec
[2025-06-24 15:49:20,334][model_v1.data][INFO] - [260/300] Generating mel: /home/liuzehua/task/VSR/data/preprocess/cnvsrc-single/eval/audio/00028798.melspec
[2025-06-24 15:49:26,187][model_v1.data][INFO] - [261/300] Generating mel: /home/liuzehua/task/VSR/data/preprocess/cnvsrc-single/eval/audio/00028125.melspec
[2025-06-24 15:49:31,199][model_v1.data][INFO] - [262/300] Generating mel: /home/liuzehua/task/VSR/data/preprocess/cnvsrc-single/eval/audio/00027535.melspec
[2025-06-24 15:49:37,401][model_v1.data][INFO] - [263/300] Generating mel: /home/liuzehua/task/VSR/data/preprocess/cnvsrc-single/eval/audio/00026555.melspec
[2025-06-24 15:49:42,988][model_v1.data][INFO] - [264/300] Generating mel: /home/liuzehua/task/VSR/data/preprocess/cnvsrc-single/eval/audio/00026957.melspec
[2025-06-24 15:49:51,466][model_v1.data][INFO] - [265/300] Generating mel: /home/liuzehua/task/VSR/data/preprocess/cnvsrc-single/eval/audio/00026644.melspec
[2025-06-24 15:49:59,562][model_v1.data][INFO] - [266/300] Generating mel: /home/liuzehua/task/VSR/data/preprocess/cnvsrc-single/eval/audio/00026951.melspec
[2025-06-24 15:50:07,873][model_v1.data][INFO] - [267/300] Generating mel: /home/liuzehua/task/VSR/data/preprocess/cnvsrc-single/eval/audio/00027953.melspec
[2025-06-24 15:50:15,324][model_v1.data][INFO] - [268/300] Generating mel: /home/liuzehua/task/VSR/data/preprocess/cnvsrc-single/eval/audio/00028209.melspec
[2025-06-24 15:50:24,171][model_v1.data][INFO] - [269/300] Generating mel: /home/liuzehua/task/VSR/data/preprocess/cnvsrc-single/eval/audio/00026522.melspec
[2025-06-24 15:50:30,215][model_v1.data][INFO] - [270/300] Generating mel: /home/liuzehua/task/VSR/data/preprocess/cnvsrc-single/eval/audio/00026100.melspec
[2025-06-24 15:50:36,570][model_v1.data][INFO] - [271/300] Generating mel: /home/liuzehua/task/VSR/data/preprocess/cnvsrc-single/eval/audio/00028683.melspec
[2025-06-24 15:50:44,926][model_v1.data][INFO] - [272/300] Generating mel: /home/liuzehua/task/VSR/data/preprocess/cnvsrc-single/eval/audio/00028436.melspec
[2025-06-24 15:50:51,779][model_v1.data][INFO] - [273/300] Generating mel: /home/liuzehua/task/VSR/data/preprocess/cnvsrc-single/eval/audio/00026730.melspec
[2025-06-24 15:50:58,454][model_v1.data][INFO] - [274/300] Generating mel: /home/liuzehua/task/VSR/data/preprocess/cnvsrc-single/eval/audio/00027427.melspec
[2025-06-24 15:51:06,159][model_v1.data][INFO] - [275/300] Generating mel: /home/liuzehua/task/VSR/data/preprocess/cnvsrc-single/eval/audio/00028085.melspec
[2025-06-24 15:51:12,245][model_v1.data][INFO] - [276/300] Generating mel: /home/liuzehua/task/VSR/data/preprocess/cnvsrc-single/eval/audio/00028295.melspec
[2025-06-24 15:51:20,771][model_v1.data][INFO] - [277/300] Generating mel: /home/liuzehua/task/VSR/data/preprocess/cnvsrc-single/eval/audio/00026437.melspec
[2025-06-24 15:51:26,017][model_v1.data][INFO] - [278/300] Generating mel: /home/liuzehua/task/VSR/data/preprocess/cnvsrc-single/eval/audio/00026461.melspec
[2025-06-24 15:51:33,719][model_v1.data][INFO] - [279/300] Generating mel: /home/liuzehua/task/VSR/data/preprocess/cnvsrc-single/eval/audio/00027927.melspec
[2025-06-24 15:51:41,053][model_v1.data][INFO] - [280/300] Generating mel: /home/liuzehua/task/VSR/data/preprocess/cnvsrc-single/eval/audio/00027985.melspec
[2025-06-24 15:51:46,946][model_v1.data][INFO] - [281/300] Generating mel: /home/liuzehua/task/VSR/data/preprocess/cnvsrc-single/eval/audio/00028137.melspec
[2025-06-24 15:51:52,833][model_v1.data][INFO] - [282/300] Generating mel: /home/liuzehua/task/VSR/data/preprocess/cnvsrc-single/eval/audio/00028374.melspec
[2025-06-24 15:51:58,116][model_v1.data][INFO] - [283/300] Generating mel: /home/liuzehua/task/VSR/data/preprocess/cnvsrc-single/eval/audio/00027884.melspec
[2025-06-24 15:52:06,294][model_v1.data][INFO] - [284/300] Generating mel: /home/liuzehua/task/VSR/data/preprocess/cnvsrc-single/eval/audio/00027301.melspec
[2025-06-24 15:52:14,566][model_v1.data][INFO] - [285/300] Generating mel: /home/liuzehua/task/VSR/data/preprocess/cnvsrc-single/eval/audio/00027424.melspec
[2025-06-24 15:52:21,384][model_v1.data][INFO] - [286/300] Generating mel: /home/liuzehua/task/VSR/data/preprocess/cnvsrc-single/eval/audio/00028454.melspec
[2025-06-24 15:52:30,013][model_v1.data][INFO] - [287/300] Generating mel: /home/liuzehua/task/VSR/data/preprocess/cnvsrc-single/eval/audio/00026394.melspec
[2025-06-24 15:52:39,805][model_v1.data][INFO] - [288/300] Generating mel: /home/liuzehua/task/VSR/data/preprocess/cnvsrc-single/eval/audio/00026645.melspec
[2025-06-24 15:52:45,768][model_v1.data][INFO] - [289/300] Generating mel: /home/liuzehua/task/VSR/data/preprocess/cnvsrc-single/eval/audio/00026396.melspec
[2025-06-24 15:52:47,459][model_v1.data][INFO] - [290/300] Generating mel: /home/liuzehua/task/VSR/data/preprocess/cnvsrc-single/eval/audio/00026326.melspec
[2025-06-24 15:52:49,013][model_v1.data][INFO] - [291/300] Generating mel: /home/liuzehua/task/VSR/data/preprocess/cnvsrc-single/eval/audio/00028685.melspec
[2025-06-24 15:52:53,948][model_v1.data][INFO] - [292/300] Generating mel: /home/liuzehua/task/VSR/data/preprocess/cnvsrc-single/eval/audio/00027599.melspec
[2025-06-24 15:52:58,299][model_v1.data][INFO] - [293/300] Generating mel: /home/liuzehua/task/VSR/data/preprocess/cnvsrc-single/eval/audio/00026975.melspec
[2025-06-24 15:53:01,012][model_v1.data][INFO] - [294/300] Generating mel: /home/liuzehua/task/VSR/data/preprocess/cnvsrc-single/eval/audio/00026780.melspec
[2025-06-24 15:53:03,793][model_v1.data][INFO] - [295/300] Generating mel: /home/liuzehua/task/VSR/data/preprocess/cnvsrc-single/eval/audio/00028005.melspec
[2025-06-24 15:53:06,231][model_v1.data][INFO] - [296/300] Generating mel: /home/liuzehua/task/VSR/data/preprocess/cnvsrc-single/eval/audio/00027013.melspec
[2025-06-24 15:53:08,127][model_v1.data][INFO] - [297/300] Generating mel: /home/liuzehua/task/VSR/data/preprocess/cnvsrc-single/eval/audio/00026246.melspec
[2025-06-24 15:53:09,821][model_v1.data][INFO] - [298/300] Generating mel: /home/liuzehua/task/VSR/data/preprocess/cnvsrc-single/eval/audio/00026532.melspec
[2025-06-24 15:53:11,830][model_v1.data][INFO] - [299/300] Generating mel: /home/liuzehua/task/VSR/data/preprocess/cnvsrc-single/eval/audio/00026630.melspec
[2025-06-24 15:53:13,820][model_v1.data][INFO] - [300/300] Generating mel: /home/liuzehua/task/VSR/data/preprocess/cnvsrc-single/eval/audio/00026813.melspec
